<?xml version="1.0" encoding="UTF-8"?>
<testsuite name="com.example.boot_demo.BootDemoApplicationTests" tests="1" skipped="0" failures="0" errors="0" timestamp="2021-10-22T12:52:35" hostname="vagrant" time="0.303">
  <properties/>
  <testcase name="contextLoads()" classname="com.example.boot_demo.BootDemoApplicationTests" time="0.303"/>
  <system-out><![CDATA[08:52:33.549 [Test worker] DEBUG org.springframework.test.context.BootstrapUtils - Instantiating CacheAwareContextLoaderDelegate from class [org.springframework.test.context.cache.DefaultCacheAwareContextLoaderDelegate]
08:52:33.570 [Test worker] DEBUG org.springframework.test.context.BootstrapUtils - Instantiating BootstrapContext using constructor [public org.springframework.test.context.support.DefaultBootstrapContext(java.lang.Class,org.springframework.test.context.CacheAwareContextLoaderDelegate)]
08:52:33.601 [Test worker] DEBUG org.springframework.test.context.BootstrapUtils - Instantiating TestContextBootstrapper for test class [com.example.boot_demo.BootDemoApplicationTests] from class [org.springframework.boot.test.context.SpringBootTestContextBootstrapper]
08:52:33.611 [Test worker] INFO org.springframework.boot.test.context.SpringBootTestContextBootstrapper - Neither @ContextConfiguration nor @ContextHierarchy found for test class [com.example.boot_demo.BootDemoApplicationTests], using SpringBootContextLoader
08:52:33.614 [Test worker] DEBUG org.springframework.test.context.support.AbstractContextLoader - Did not detect default resource location for test class [com.example.boot_demo.BootDemoApplicationTests]: class path resource [com/example/boot_demo/BootDemoApplicationTests-context.xml] does not exist
08:52:33.615 [Test worker] DEBUG org.springframework.test.context.support.AbstractContextLoader - Did not detect default resource location for test class [com.example.boot_demo.BootDemoApplicationTests]: class path resource [com/example/boot_demo/BootDemoApplicationTestsContext.groovy] does not exist
08:52:33.616 [Test worker] INFO org.springframework.test.context.support.AbstractContextLoader - Could not detect default resource locations for test class [com.example.boot_demo.BootDemoApplicationTests]: no resource found for suffixes {-context.xml, Context.groovy}.
08:52:33.617 [Test worker] INFO org.springframework.test.context.support.AnnotationConfigContextLoaderUtils - Could not detect default configuration classes for test class [com.example.boot_demo.BootDemoApplicationTests]: BootDemoApplicationTests does not declare any static, non-private, non-final, nested classes annotated with @Configuration.
08:52:33.690 [Test worker] DEBUG org.springframework.test.context.support.ActiveProfilesUtils - Could not find an 'annotation declaring class' for annotation type [org.springframework.test.context.ActiveProfiles] and class [com.example.boot_demo.BootDemoApplicationTests]
08:52:33.746 [Test worker] DEBUG org.springframework.context.annotation.ClassPathScanningCandidateComponentProvider - Identified candidate component class: file [/home/vagrant/Desktop/docker_demo/boot_demo/build/classes/java/main/com/example/boot_demo/BootDemoApplication.class]
08:52:33.747 [Test worker] INFO org.springframework.boot.test.context.SpringBootTestContextBootstrapper - Found @SpringBootConfiguration com.example.boot_demo.BootDemoApplication for test class com.example.boot_demo.BootDemoApplicationTests
08:52:33.829 [Test worker] DEBUG org.springframework.boot.test.context.SpringBootTestContextBootstrapper - @TestExecutionListeners is not present for class [com.example.boot_demo.BootDemoApplicationTests]: using defaults.
08:52:33.829 [Test worker] INFO org.springframework.boot.test.context.SpringBootTestContextBootstrapper - Loaded default TestExecutionListener class names from location [META-INF/spring.factories]: [org.springframework.boot.test.autoconfigure.restdocs.RestDocsTestExecutionListener, org.springframework.boot.test.autoconfigure.web.client.MockRestServiceServerResetTestExecutionListener, org.springframework.boot.test.autoconfigure.web.servlet.MockMvcPrintOnlyOnFailureTestExecutionListener, org.springframework.boot.test.autoconfigure.web.servlet.WebDriverTestExecutionListener, org.springframework.boot.test.autoconfigure.webservices.client.MockWebServiceServerTestExecutionListener, org.springframework.boot.test.mock.mockito.MockitoTestExecutionListener, org.springframework.boot.test.mock.mockito.ResetMocksTestExecutionListener, org.springframework.test.context.web.ServletTestExecutionListener, org.springframework.test.context.support.DirtiesContextBeforeModesTestExecutionListener, org.springframework.test.context.event.ApplicationEventsTestExecutionListener, org.springframework.test.context.support.DependencyInjectionTestExecutionListener, org.springframework.test.context.support.DirtiesContextTestExecutionListener, org.springframework.test.context.transaction.TransactionalTestExecutionListener, org.springframework.test.context.jdbc.SqlScriptsTestExecutionListener, org.springframework.test.context.event.EventPublishingTestExecutionListener]
08:52:33.838 [Test worker] DEBUG org.springframework.boot.test.context.SpringBootTestContextBootstrapper - Skipping candidate TestExecutionListener [org.springframework.test.context.transaction.TransactionalTestExecutionListener] due to a missing dependency. Specify custom listener classes or make the default listener classes and their required dependencies available. Offending class: [org/springframework/transaction/interceptor/TransactionAttributeSource]
08:52:33.839 [Test worker] DEBUG org.springframework.boot.test.context.SpringBootTestContextBootstrapper - Skipping candidate TestExecutionListener [org.springframework.test.context.jdbc.SqlScriptsTestExecutionListener] due to a missing dependency. Specify custom listener classes or make the default listener classes and their required dependencies available. Offending class: [org/springframework/transaction/interceptor/TransactionAttribute]
08:52:33.839 [Test worker] INFO org.springframework.boot.test.context.SpringBootTestContextBootstrapper - Using TestExecutionListeners: [org.springframework.test.context.web.ServletTestExecutionListener@1af146, org.springframework.test.context.support.DirtiesContextBeforeModesTestExecutionListener@4da602fc, org.springframework.test.context.event.ApplicationEventsTestExecutionListener@2a8d39c4, org.springframework.boot.test.mock.mockito.MockitoTestExecutionListener@25b2cfcb, org.springframework.boot.test.autoconfigure.SpringBootDependencyInjectionTestExecutionListener@72758afa, org.springframework.test.context.support.DirtiesContextTestExecutionListener@fb9c7aa, org.springframework.test.context.event.EventPublishingTestExecutionListener@4c398c80, org.springframework.boot.test.autoconfigure.restdocs.RestDocsTestExecutionListener@7fc6de5b, org.springframework.boot.test.autoconfigure.web.client.MockRestServiceServerResetTestExecutionListener@21baa903, org.springframework.boot.test.autoconfigure.web.servlet.MockMvcPrintOnlyOnFailureTestExecutionListener@607fbe09, org.springframework.boot.test.autoconfigure.web.servlet.WebDriverTestExecutionListener@60a2630a, org.springframework.boot.test.autoconfigure.webservices.client.MockWebServiceServerTestExecutionListener@29df4d43, org.springframework.boot.test.mock.mockito.ResetMocksTestExecutionListener@5dd91bca]
08:52:33.842 [Test worker] DEBUG org.springframework.test.context.support.AbstractDirtiesContextTestExecutionListener - Before test class: context [DefaultTestContext@62f4ff3b testClass = BootDemoApplicationTests, testInstance = [null], testMethod = [null], testException = [null], mergedContextConfiguration = [WebMergedContextConfiguration@1698fc68 testClass = BootDemoApplicationTests, locations = '{}', classes = '{class com.example.boot_demo.BootDemoApplication}', contextInitializerClasses = '[]', activeProfiles = '{}', propertySourceLocations = '{}', propertySourceProperties = '{org.springframework.boot.test.context.SpringBootTestContextBootstrapper=true}', contextCustomizers = set[org.springframework.boot.test.autoconfigure.actuate.metrics.MetricsExportContextCustomizerFactory$DisableMetricExportContextCustomizer@1672fe87, org.springframework.boot.test.autoconfigure.properties.PropertyMappingContextCustomizer@0, org.springframework.boot.test.autoconfigure.web.servlet.WebDriverContextCustomizerFactory$Customizer@6c0d7c83, org.springframework.boot.test.context.filter.ExcludeFilterContextCustomizer@4f6f416f, org.springframework.boot.test.json.DuplicateJsonObjectContextCustomizerFactory$DuplicateJsonObjectContextCustomizer@48793bef, org.springframework.boot.test.mock.mockito.MockitoContextCustomizer@0, org.springframework.boot.test.web.client.TestRestTemplateContextCustomizer@7ceb3185, org.springframework.boot.test.context.SpringBootTestArgs@1, org.springframework.boot.test.context.SpringBootTestWebEnvironment@8297b3a], resourceBasePath = 'src/main/webapp', contextLoader = 'org.springframework.boot.test.context.SpringBootContextLoader', parent = [null]], attributes = map['org.springframework.test.context.web.ServletTestExecutionListener.activateListener' -> true]], class annotated with @DirtiesContext [false] with mode [null].
08:52:33.868 [Test worker] DEBUG org.springframework.test.context.support.TestPropertySourceUtils - Adding inlined properties to environment: {spring.jmx.enabled=false, org.springframework.boot.test.context.SpringBootTestContextBootstrapper=true}

  .   ____          _            __ _ _
 /\\ / ___'_ __ _ _(_)_ __  __ _ \ \ \ \
( ( )\___ | '_ | '_| | '_ \/ _` | \ \ \ \
 \\/  ___)| |_)| | | | | || (_| |  ) ) ) )
  '  |____| .__|_| |_|_| |_\__, | / / / /
 =========|_|==============|___/=/_/_/_/
 :: Spring Boot ::                (v2.5.6)

2021-10-22 08:52:34.174  INFO 20102 --- [    Test worker] c.e.boot_demo.BootDemoApplicationTests   : Starting BootDemoApplicationTests using Java 11.0.9.1 on vagrant with PID 20102 (started by vagrant in /home/vagrant/Desktop/docker_demo/boot_demo)
2021-10-22 08:52:34.177  INFO 20102 --- [    Test worker] c.e.boot_demo.BootDemoApplicationTests   : No active profile set, falling back to default profiles: default
2021-10-22 08:52:35.848  INFO 20102 --- [    Test worker] c.e.boot_demo.BootDemoApplicationTests   : Started BootDemoApplicationTests in 1.972 seconds (JVM running for 3.232)
]]></system-out>
  <system-err><![CDATA[]]></system-err>
</testsuite>
